{"level":"info","message":"database connected","service":"user-service"}
{"level":"info","message":"Example app listening on port 5000","service":"user-service"}
{"level":"info","message":"database connected","service":"user-service"}
{"level":"info","message":"Example app listening on port 5000","service":"user-service"}
{"level":"info","message":"database connected","service":"user-service"}
{"level":"info","message":"Example app listening on port 5000","service":"user-service"}
{"level":"info","message":"database connected","service":"user-service"}
{"level":"info","message":"Example app listening on port 5000","service":"user-service"}
{
  message: 'database connected',
  level: 'info',
  service: 'user-service',
  label: 'right meow!',
  timestamp: '2023-06-02T05:49:00.270Z'
}
{
  message: 'Example app listening on port 5000',
  level: 'info',
  service: 'user-service',
  label: 'right meow!',
  timestamp: '2023-06-02T05:49:00.276Z'
}
2023-06-02T05:53:27.368Z [right meow!] info: database connected
2023-06-02T05:53:27.373Z [right meow!] info: Example app listening on port 5000
2023-06-02T05:54:13.556Z [right meow!] info: database connected
2023-06-02T05:54:13.561Z [right meow!] info: Example app listening on port 5000
2023-06-02T05:59:12.085Z [right meow!] info: database connected
2023-06-02T05:59:12.091Z [right meow!] info: Example app listening on port 5000
Fri Jun 02 2023 : 12 : 0 : 18 : [right meow!] info: database connected
Fri Jun 02 2023 : 12 : 0 : 18 : [right meow!] info: Example app listening on port 5000
Fri Jun 02 2023-12-0-50 : [right meow!] info: database connected
Fri Jun 02 2023-12-0-50 : [right meow!] info: Example app listening on port 5000
Fri Jun 02 2023/=/12-1-5 : [right meow!] info: database connected
Fri Jun 02 2023/=/12-1-5 : [right meow!] info: Example app listening on port 5000
Fri Jun 02 2023/12-1-12 : [right meow!] info: database connected
Fri Jun 02 2023/12-1-12 : [right meow!] info: Example app listening on port 5000
Fri Jun 02 2023/12-9-55 : [right meow!] info: database connected
Fri Jun 02 2023/12-9-55 : [right meow!] info: Example app listening on port 5000
